<?xml version="1.0" encoding="UTF-8" ?>
<testsuite tests="6" failures="0" name="com.lemei.system.service.LmCarApplicationServiceTest" time="0.385" errors="0" skipped="0">
  <properties>
[...]
</properties>
  <testcase classname="com.lemei.system.service.LmCarApplicationServiceTest" name="testCheckEnterStatusInfoExists_WhenExists" time="0.38"/>
  <testcase classname="com.lemei.system.service.LmCarApplicationServiceTest" name="testCheckEnterStatusInfoExists_WhenNotExists" time="0.001"/>
  <testcase classname="com.lemei.system.service.LmCarApplicationServiceTest" name="testInsertLmCarApplication" time="0.001"/>
  <testcase classname="com.lemei.system.service.LmCarApplicationServiceTest" name="testSelectCarNumberByApplicationId" time="0.001"/>
  <testcase classname="com.lemei.system.service.LmCarApplicationServiceTest" name="testUpdateLmCarApplication" time="0.001"/>
  <testcase classname="com.lemei.system.service.LmCarApplicationServiceTest" name="testCheckScrapAdvanceInfoExists" time="0.001"/>
</testsuite>